4469
4621
4752
4898
5047
5177
5298
5416
5519
5601
5684
5771
5846
5925
5989
6044
6093
6142
6194
6240
6277
6309
6335
6358
6393
6411
6426
6444
6465
6480
6492
6506
6521
6537
6548
6560
6577
6583
6595
6601
6606
6613
6618
6625
6629
6633
6639
6640
6646
6649
6650
6651
6654
6655
6657
6659
6660
6665
6665
6672
6672
6674
6676
6678
6679
6683
6685
6688
6689
6692
6692
6693
6694
6696
6698
6699
6701
6702
6703
6703
6703
6704
6704
6706
6708
6708
6708
6708
6708
6709
6710
6712
6712
6713
6714
6714
6715
6717
6719
6719
